<?xml version="1.0" encoding="UTF-8"?>
<!-- Generated by org.testng.reporters.JUnitXMLReporter -->
<testsuite ignored="1" hostname="LAPTOP-M5PKHKMD" failures="1" tests="1" name="Test" time="0.1" errors="0" timestamp="2024-08-13T11:24:02 IST">
  <testcase classname="Testcase.Tc2" name="loginaccount" time="0.047">
    <failure type="java.lang.AssertionError" message="null">
      <![CDATA[java.lang.AssertionError: null
at Testcase.Tc2.loginaccount(Tc2.java:36)
at java.base/java.util.ArrayList.forEach(ArrayList.java:1511)
... Removed 29 stack frames]]>
    </failure>
  </testcase> <!-- loginaccount -->
  <testcase classname="Testcase.Testcase01" name="registeraccount" time="0.0">
    <ignored/>
  </testcase> <!-- registeraccount -->
</testsuite> <!-- Test -->
