<?xml version="1.0" encoding="UTF-8"?>
<!-- Generated by org.testng.reporters.JUnitXMLReporter -->
<testsuite ignored="0" hostname="LAPTOP-M5PKHKMD" failures="1" tests="2" name="Test" time="26.302" errors="0" timestamp="2024-10-19T11:51:08 IST">
  <testcase classname="Testcase.Testcase01" name="registeraccount" time="2.305"/>
  <testcase classname="Testcase.Tc2" name="loginaccount" time="11.501">
    <failure type="java.lang.AssertionError" message="expected [true] but found [false]">
      <![CDATA[java.lang.AssertionError: expected [true] but found [false]
at Testcase.Tc2.loginaccount(Tc2.java:33)
at java.base/java.util.ArrayList.forEach(ArrayList.java:1511)
... Removed 31 stack frames]]>
    </failure>
  </testcase> <!-- loginaccount -->
</testsuite> <!-- Test -->
