<?xml version="1.0" encoding="UTF-8"?>
<!-- Generated by org.testng.reporters.JUnitXMLReporter -->
<testsuite ignored="0" hostname="LAPTOP-M5PKHKMD" failures="3" tests="4" name="Test" time="72.203" errors="0" timestamp="2024-10-19T12:40:46 IST">
  <testcase classname="Testcase.Tc3_DDT" name="loginddt" time="20.993">
    <failure type="junit.framework.AssertionFailedError">
      <![CDATA[junit.framework.AssertionFailedError
at junit.framework.Assert.fail(Assert.java:47)
at junit.framework.Assert.fail(Assert.java:53)
at Testcase.Tc3_DDT.loginddt(Tc3_DDT.java:58)
at java.base/java.util.ArrayList.forEach(ArrayList.java:1511)
... Removed 27 stack frames]]>
    </failure>
  </testcase> <!-- loginddt -->
  <testcase classname="Testcase.Tc3_DDT" name="loginddt" time="21.076">
    <failure type="junit.framework.AssertionFailedError">
      <![CDATA[junit.framework.AssertionFailedError
at junit.framework.Assert.fail(Assert.java:47)
at junit.framework.Assert.fail(Assert.java:53)
at Testcase.Tc3_DDT.loginddt(Tc3_DDT.java:58)
at java.base/java.util.ArrayList.forEach(ArrayList.java:1511)
... Removed 27 stack frames]]>
    </failure>
  </testcase> <!-- loginddt -->
  <testcase classname="Testcase.Tc3_DDT" name="loginddt" time="21.386">
    <failure type="junit.framework.AssertionFailedError">
      <![CDATA[junit.framework.AssertionFailedError
at junit.framework.Assert.fail(Assert.java:47)
at junit.framework.Assert.fail(Assert.java:53)
at Testcase.Tc3_DDT.loginddt(Tc3_DDT.java:58)
at java.base/java.util.ArrayList.forEach(ArrayList.java:1511)
... Removed 27 stack frames]]>
    </failure>
  </testcase> <!-- loginddt -->
  <testcase classname="Testcase.Tc3_DDT" name="loginddt" time="1.58"/>
</testsuite> <!-- Test -->
